
========================================
[EMAIL SENT LOG] 2026-06-17T08:41:32.285Z
To: admin@upvcwebsite.com
Subject: New Smart Quotation Request from sanay
----------------------------------------
HTML Content:

      <h3>New Smart Quotation Request Received</h3>
      <p><strong>Name:</strong> sanay</p>
      <p><strong>Email:</strong> krishnasanjayjeyakumar@gmail.com</p>
      <p><strong>Phone:</strong> +91 8122934242</p>
      <p><strong>Location:</strong> solakattupalayam, coimbatore</p>
      <hr />
      <h4>Product Details:</h4>
      <ul>
        <li><strong>Item Type:</strong> WINDOW</li>
        <li><strong>Style:</strong> Sliding</li>
        <li><strong>Dimensions:</strong> 1200mm (W) x 1200mm (H)</li>
        <li><strong>Quantity:</strong> 3</li>
        <li><strong>Glass Type:</strong> Clear Glass</li>
        <li><strong>Frame Color:</strong> White</li>
        <li><strong>Hardware Quality:</strong> Standard Quality</li>
      </ul>
      <hr />
      <h4>Cost Estimate:</h4>
      <p><strong>Product Cost:</strong> INR 32,400</p>
      <p><strong>Installation Cost:</strong> INR 3,456</p>
      <p><strong>GST (18%):</strong> INR 6,454.08</p>
      <p><strong>Total Estimate:</strong> <strong>INR 42,310.08</strong></p>
      <p><em>Note: Final quotation may vary after site inspection.</em></p>
    
========================================

========================================
[EMAIL SENT LOG] 2026-06-17T08:41:32.286Z
To: krishnasanjayjeyakumar@gmail.com
Subject: Your uPVC Doors & Windows Quotation Estimate
----------------------------------------
HTML Content:

      <h3>Hello sanay,</h3>
      <p>Thank you for using our Smart Quotation Calculator. Here is the estimated quotation for your requirements:</p>
      <hr />
      <h4>Product Details:</h4>
      <ul>
        <li><strong>Item Type:</strong> WINDOW</li>
        <li><strong>Style:</strong> Sliding</li>
        <li><strong>Dimensions:</strong> 1200mm (W) x 1200mm (H)</li>
        <li><strong>Quantity:</strong> 3</li>
        <li><strong>Glass Type:</strong> Clear Glass</li>
        <li><strong>Frame Color:</strong> White</li>
        <li><strong>Hardware Quality:</strong> Standard Quality</li>
      </ul>
      <hr />
      <h4>Cost Estimate:</h4>
      <p><strong>Product Cost:</strong> INR 32,400</p>
      <p><strong>Installation Cost:</strong> INR 3,456</p>
      <p><strong>GST (18%):</strong> INR 6,454.08</p>
      <p><strong>Total Estimate:</strong> <strong>INR 42,310.08</strong></p>
      <hr />
      <p>Our team will contact you shortly to schedule a free site measurement and finalize the quote.</p>
      <p>Best regards,<br /><strong>CN Doors & Windows Team</strong></p>
      <p><em>Note: This is a system-generated estimate based on your selections. Final pricing is subject to physical site dimensions and configurations.</em></p>
    
========================================

========================================
[EMAIL SENT LOG] 2026-06-17T08:43:26.584Z
To: admin@upvcwebsite.com
Subject: New Smart Quotation Request from san
----------------------------------------
HTML Content:

      <h3>New Smart Quotation Request Received</h3>
      <p><strong>Name:</strong> san</p>
      <p><strong>Email:</strong> da@gmail.com</p>
      <p><strong>Phone:</strong> 23456789245</p>
      <p><strong>Location:</strong> hgfd, hgfd</p>
      <hr />
      <h4>Product Details:</h4>
      <ul>
        <li><strong>Item Type:</strong> WINDOW</li>
        <li><strong>Style:</strong> Sliding</li>
        <li><strong>Dimensions:</strong> 1200mm (W) x 1205mm (H)</li>
        <li><strong>Quantity:</strong> 1</li>
        <li><strong>Glass Type:</strong> Clear Glass</li>
        <li><strong>Frame Color:</strong> White</li>
        <li><strong>Hardware Quality:</strong> Standard Quality</li>
      </ul>
      <hr />
      <h4>Cost Estimate:</h4>
      <p><strong>Product Cost:</strong> INR 10,845</p>
      <p><strong>Installation Cost:</strong> INR 1,156.8</p>
      <p><strong>GST (18%):</strong> INR 2,160.32</p>
      <p><strong>Total Estimate:</strong> <strong>INR 14,162.12</strong></p>
      <p><em>Note: Final quotation may vary after site inspection.</em></p>
    
========================================

========================================
[EMAIL SENT LOG] 2026-06-17T08:43:26.584Z
To: da@gmail.com
Subject: Your uPVC Doors & Windows Quotation Estimate
----------------------------------------
HTML Content:

      <h3>Hello san,</h3>
      <p>Thank you for using our Smart Quotation Calculator. Here is the estimated quotation for your requirements:</p>
      <hr />
      <h4>Product Details:</h4>
      <ul>
        <li><strong>Item Type:</strong> WINDOW</li>
        <li><strong>Style:</strong> Sliding</li>
        <li><strong>Dimensions:</strong> 1200mm (W) x 1205mm (H)</li>
        <li><strong>Quantity:</strong> 1</li>
        <li><strong>Glass Type:</strong> Clear Glass</li>
        <li><strong>Frame Color:</strong> White</li>
        <li><strong>Hardware Quality:</strong> Standard Quality</li>
      </ul>
      <hr />
      <h4>Cost Estimate:</h4>
      <p><strong>Product Cost:</strong> INR 10,845</p>
      <p><strong>Installation Cost:</strong> INR 1,156.8</p>
      <p><strong>GST (18%):</strong> INR 2,160.32</p>
      <p><strong>Total Estimate:</strong> <strong>INR 14,162.12</strong></p>
      <hr />
      <p>Our team will contact you shortly to schedule a free site measurement and finalize the quote.</p>
      <p>Best regards,<br /><strong>CN Doors & Windows Team</strong></p>
      <p><em>Note: This is a system-generated estimate based on your selections. Final pricing is subject to physical site dimensions and configurations.</em></p>
    
========================================
