
========================================
[EMAIL SENT LOG] 2026-06-16T10:46:20.137Z
To: admin@upvcwebsite.com
Subject: New Smart Quotation Request from sanjay
----------------------------------------
HTML Content:

      <h3>New Smart Quotation Request Received</h3>
      <p><strong>Name:</strong> sanjay</p>
      <p><strong>Email:</strong> sanjay@gmail.com</p>
      <p><strong>Phone:</strong> 34567956789</p>
      <p><strong>Location:</strong> coimbatore, coimbatore</p>
      <hr />
      <h4>Product Details:</h4>
      <ul>
        <li><strong>Item Type:</strong> DOOR</li>
        <li><strong>Style:</strong> French</li>
        <li><strong>Dimensions:</strong> 1200mm (W) x 1200mm (H)</li>
        <li><strong>Quantity:</strong> 1</li>
        <li><strong>Glass Type:</strong> Clear Glass</li>
        <li><strong>Frame Color:</strong> White</li>
        <li><strong>Hardware Quality:</strong> Standard Quality</li>
      </ul>
      <hr />
      <h4>Cost Estimate:</h4>
      <p><strong>Product Cost:</strong> INR 17,280</p>
      <p><strong>Installation Cost:</strong> INR 1,152</p>
      <p><strong>GST (18%):</strong> INR 3,317.76</p>
      <p><strong>Total Estimate:</strong> <strong>INR 21,749.76</strong></p>
      <p><em>Note: Final quotation may vary after site inspection.</em></p>
    
========================================

========================================
[EMAIL SENT LOG] 2026-06-16T10:51:34.528Z
To: admin@upvcwebsite.com
Subject: New Smart Quotation Request from sanjay
----------------------------------------
HTML Content:

      <h3>New Smart Quotation Request Received</h3>
      <p><strong>Name:</strong> sanjay</p>
      <p><strong>Email:</strong> sanjay@example.com</p>
      <p><strong>Phone:</strong> 9876543210</p>
      <p><strong>Location:</strong> ECR, Chennai</p>
      <hr />
      <h4>Product Details:</h4>
      <ul>
        <li><strong>Item Type:</strong> WINDOW</li>
        <li><strong>Style:</strong> Sliding</li>
        <li><strong>Dimensions:</strong> 4498mm (W) x 1200mm (H)</li>
        <li><strong>Quantity:</strong> 1</li>
        <li><strong>Glass Type:</strong> Clear Glass</li>
        <li><strong>Frame Color:</strong> White</li>
        <li><strong>Hardware Quality:</strong> Standard Quality</li>
      </ul>
      <hr />
      <h4>Cost Estimate:</h4>
      <p><strong>Product Cost:</strong> INR 40,482</p>
      <p><strong>Installation Cost:</strong> INR 4,318.08</p>
      <p><strong>GST (18%):</strong> INR 8,064.01</p>
      <p><strong>Total Estimate:</strong> <strong>INR 52,864.09</strong></p>
      <p><em>Note: Final quotation may vary after site inspection.</em></p>
    
========================================

========================================
[EMAIL SENT LOG] 2026-06-16T11:06:23.483Z
To: admin@upvcwebsite.com
Subject: New Smart Quotation Request from sanjay
----------------------------------------
HTML Content:

      <h3>New Smart Quotation Request Received</h3>
      <p><strong>Name:</strong> sanjay</p>
      <p><strong>Email:</strong> sanjay@example.com</p>
      <p><strong>Phone:</strong> 9876543210</p>
      <p><strong>Location:</strong> ECR, Chennai</p>
      <hr />
      <h4>Product Details:</h4>
      <ul>
        <li><strong>Item Type:</strong> WINDOW</li>
        <li><strong>Style:</strong> Sliding</li>
        <li><strong>Dimensions:</strong> 1500mm (W) x 1500mm (H)</li>
        <li><strong>Quantity:</strong> 1</li>
        <li><strong>Glass Type:</strong> Clear Glass</li>
        <li><strong>Frame Color:</strong> White</li>
        <li><strong>Hardware Quality:</strong> Standard Quality</li>
      </ul>
      <hr />
      <h4>Cost Estimate:</h4>
      <p><strong>Product Cost:</strong> INR 16,875</p>
      <p><strong>Installation Cost:</strong> INR 1,800</p>
      <p><strong>GST (18%):</strong> INR 3,361.5</p>
      <p><strong>Total Estimate:</strong> <strong>INR 22,036.5</strong></p>
      <p><em>Note: Final quotation may vary after site inspection.</em></p>
    
========================================

========================================
[EMAIL SENT LOG] 2026-06-16T11:08:20.945Z
To: admin@upvcwebsite.com
Subject: New Smart Quotation Request from John Doe
----------------------------------------
HTML Content:

      <h3>New Smart Quotation Request Received</h3>
      <p><strong>Name:</strong> John Doe</p>
      <p><strong>Email:</strong> john.doe@example.com</p>
      <p><strong>Phone:</strong> +91 98765 43210</p>
      <p><strong>Location:</strong> 123 Test Street, Apartment 4B, Chennai</p>
      <hr />
      <h4>Product Details:</h4>
      <ul>
        <li><strong>Item Type:</strong> WINDOW</li>
        <li><strong>Style:</strong> Sliding</li>
        <li><strong>Dimensions:</strong> 1500mm (W) x 1500mm (H)</li>
        <li><strong>Quantity:</strong> 1</li>
        <li><strong>Glass Type:</strong> Clear Glass</li>
        <li><strong>Frame Color:</strong> White</li>
        <li><strong>Hardware Quality:</strong> Standard Quality</li>
      </ul>
      <hr />
      <h4>Cost Estimate:</h4>
      <p><strong>Product Cost:</strong> INR 16,875</p>
      <p><strong>Installation Cost:</strong> INR 1,800</p>
      <p><strong>GST (18%):</strong> INR 3,361.5</p>
      <p><strong>Total Estimate:</strong> <strong>INR 22,036.5</strong></p>
      <p><em>Note: Final quotation may vary after site inspection.</em></p>
    
========================================
